This is pdfTeX, Version 3.141592653-2.6-1.40.25 (TeX Live 2023/Fedora 40) (preloaded format=pdflatex 2025.1.18)  18 JAN 2025 23:05
entering extended mode
 restricted \write18 enabled.
 file:line:error style messages enabled.
 %&-line parsing enabled.
**/home/jerko/Documents/FER/deep_2_project/report/report.tex
(/home/jerko/Documents/FER/deep_2_project/report/report.tex
LaTeX2e <2022-11-01> patch level 1
L3 programming layer <2023-02-22> (/usr/share/texlive/texmf-dist/tex/latex/base/article.cls
Document Class: article 2022/07/02 v1.4n Standard LaTeX document class
(/usr/share/texlive/texmf-dist/tex/latex/base/size10.clo
File: size10.clo 2022/07/02 v1.4n Standard LaTeX file (size option)
)
\c@part=\count185
\c@section=\count186
\c@subsection=\count187
\c@subsubsection=\count188
\c@paragraph=\count189
\c@subparagraph=\count190
\c@figure=\count191
\c@table=\count192
\abovecaptionskip=\skip48
\belowcaptionskip=\skip49
\bibindent=\dimen140
) (./tar2023.sty

TAR 2014 Style -- June 2014

\titlebox=\skip50
) (/usr/share/texlive/texmf-dist/tex/generic/babel/babel.sty
Package: babel 2023/02/13 3.86 The Babel package
\babel@savecnt=\count193
\U@D=\dimen141
\l@unhyphenated=\language86
 (/usr/share/texlive/texmf-dist/tex/generic/babel/txtbabel.def)
\bbl@readstream=\read2
\bbl@dirlevel=\count194
 (/usr/share/texlive/texmf-dist/tex/generic/babel/locale/hr/babel-croatian.tex)
Package babel Info: Importing data for croatian
(babel)             from babel-hr.ini. Reported on input line 4400.
) (/usr/share/texlive/texmf-dist/tex/latex/base/inputenc.sty
Package: inputenc 2021/02/14 v1.3d Input encoding file
\inpenc@prehook=\toks16
\inpenc@posthook=\toks17
) (/usr/share/texlive/texmf-dist/tex/latex/graphics/graphicx.sty
Package: graphicx 2021/09/16 v1.2d Enhanced LaTeX Graphics (DPC,SPQR)
 (/usr/share/texlive/texmf-dist/tex/latex/graphics/keyval.sty
Package: keyval 2022/05/29 v1.15 key=value parser (DPC)
\KV@toks@=\toks18
) (/usr/share/texlive/texmf-dist/tex/latex/graphics/graphics.sty
Package: graphics 2022/03/10 v1.4e Standard LaTeX Graphics (DPC,SPQR)
 (/usr/share/texlive/texmf-dist/tex/latex/graphics/trig.sty
Package: trig 2021/08/11 v1.11 sin cos tan (DPC)
) (/usr/share/texlive/texmf-dist/tex/latex/graphics-cfg/graphics.cfg
File: graphics.cfg 2016/06/04 v1.11 sample graphics configuration
)
Package graphics Info: Driver file: pdftex.def on input line 107.
 (/usr/share/texlive/texmf-dist/tex/latex/graphics-def/pdftex.def
File: pdftex.def 2022/09/22 v1.2b Graphics/color driver for pdftex
))
\Gin@req@height=\dimen142
\Gin@req@width=\dimen143
) (/usr/share/texlive/texmf-dist/tex/latex/booktabs/booktabs.sty
Package: booktabs 2020/01/12 v1.61803398 Publication quality tables
\heavyrulewidth=\dimen144
\lightrulewidth=\dimen145
\cmidrulewidth=\dimen146
\belowrulesep=\dimen147
\belowbottomsep=\dimen148
\aboverulesep=\dimen149
\abovetopsep=\dimen150
\cmidrulesep=\dimen151
\cmidrulekern=\dimen152
\defaultaddspace=\dimen153
\@cmidla=\count195
\@cmidlb=\count196
\@aboverulesep=\dimen154
\@belowrulesep=\dimen155
\@thisruleclass=\count197
\@lastruleclass=\count198
\@thisrulewidth=\dimen156
) (/usr/share/texlive/texmf-dist/tex/latex/amsmath/amsmath.sty
Package: amsmath 2022/04/08 v2.17n AMS math features
\@mathmargin=\skip51

For additional information on amsmath, use the `?' option.
(/usr/share/texlive/texmf-dist/tex/latex/amsmath/amstext.sty
Package: amstext 2021/08/26 v2.01 AMS text
 (/usr/share/texlive/texmf-dist/tex/latex/amsmath/amsgen.sty
File: amsgen.sty 1999/11/30 v2.0 generic functions
\@emptytoks=\toks19
\ex@=\dimen157
)) (/usr/share/texlive/texmf-dist/tex/latex/amsmath/amsbsy.sty
Package: amsbsy 1999/11/29 v1.2d Bold Symbols
\pmbraise@=\dimen158
) (/usr/share/texlive/texmf-dist/tex/latex/amsmath/amsopn.sty
Package: amsopn 2022/04/08 v2.04 operator names
)
\inf@bad=\count199
LaTeX Info: Redefining \frac on input line 234.
\uproot@=\count266
\leftroot@=\count267
LaTeX Info: Redefining \overline on input line 399.
LaTeX Info: Redefining \colon on input line 410.
\classnum@=\count268
\DOTSCASE@=\count269
LaTeX Info: Redefining \ldots on input line 496.
LaTeX Info: Redefining \dots on input line 499.
LaTeX Info: Redefining \cdots on input line 620.
\Mathstrutbox@=\box51
\strutbox@=\box52
LaTeX Info: Redefining \big on input line 722.
LaTeX Info: Redefining \Big on input line 723.
LaTeX Info: Redefining \bigg on input line 724.
LaTeX Info: Redefining \Bigg on input line 725.
\big@size=\dimen159
LaTeX Font Info:    Redeclaring font encoding OML on input line 743.
LaTeX Font Info:    Redeclaring font encoding OMS on input line 744.
\macc@depth=\count270
LaTeX Info: Redefining \bmod on input line 905.
LaTeX Info: Redefining \pmod on input line 910.
LaTeX Info: Redefining \smash on input line 940.
LaTeX Info: Redefining \relbar on input line 970.
LaTeX Info: Redefining \Relbar on input line 971.
\c@MaxMatrixCols=\count271
\dotsspace@=\muskip16
\c@parentequation=\count272
\dspbrk@lvl=\count273
\tag@help=\toks20
\row@=\count274
\column@=\count275
\maxfields@=\count276
\andhelp@=\toks21
\eqnshift@=\dimen160
\alignsep@=\dimen161
\tagshift@=\dimen162
\tagwidth@=\dimen163
\totwidth@=\dimen164
\lineht@=\dimen165
\@envbody=\toks22
\multlinegap=\skip52
\multlinetaggap=\skip53
\mathdisplay@stack=\toks23
LaTeX Info: Redefining \[ on input line 2953.
LaTeX Info: Redefining \] on input line 2954.
) (/usr/share/texlive/texmf-dist/tex/latex/amsfonts/amssymb.sty
Package: amssymb 2013/01/14 v3.01 AMS font symbols
 (/usr/share/texlive/texmf-dist/tex/latex/amsfonts/amsfonts.sty
Package: amsfonts 2013/01/14 v3.01 Basic AMSFonts support
\symAMSa=\mathgroup4
\symAMSb=\mathgroup5
LaTeX Font Info:    Redeclaring math symbol \hbar on input line 98.
LaTeX Font Info:    Overwriting math alphabet `\mathfrak' in version `bold'
(Font)                  U/euf/m/n --> U/euf/b/n on input line 106.
))
LaTeX Font Info:    Trying to load font information for OT1+ptm on input line 31.
 (/usr/share/texlive/texmf-dist/tex/latex/psnfss/ot1ptm.fd
File: ot1ptm.fd 2001/06/04 font definitions for OT1/ptm.
) (/usr/share/texlive/texmf-dist/tex/latex/l3backend/l3backend-pdftex.def
File: l3backend-pdftex.def 2023-01-16 L3 backend support: PDF output (pdfTeX)
\l__color_backend_stack_int=\count277
\l__pdf_internal_box=\box53
) (./report.aux)
\openout1 = `report.aux'.

LaTeX Font Info:    Checking defaults for OML/cmm/m/it on input line 31.
LaTeX Font Info:    ... okay on input line 31.
LaTeX Font Info:    Checking defaults for OMS/cmsy/m/n on input line 31.
LaTeX Font Info:    ... okay on input line 31.
LaTeX Font Info:    Checking defaults for OT1/cmr/m/n on input line 31.
LaTeX Font Info:    ... okay on input line 31.
LaTeX Font Info:    Checking defaults for T1/cmr/m/n on input line 31.
LaTeX Font Info:    ... okay on input line 31.
LaTeX Font Info:    Checking defaults for TS1/cmr/m/n on input line 31.
LaTeX Font Info:    ... okay on input line 31.
LaTeX Font Info:    Checking defaults for OMX/cmex/m/n on input line 31.
LaTeX Font Info:    ... okay on input line 31.
LaTeX Font Info:    Checking defaults for U/cmr/m/n on input line 31.
LaTeX Font Info:    ... okay on input line 31.
 (/usr/share/texlive/texmf-dist/tex/context/base/mkii/supp-pdf.mkii
[Loading MPS to PDF converter (version 2006.09.02).]
\scratchcounter=\count278
\scratchdimen=\dimen166
\scratchbox=\box54
\nofMPsegments=\count279
\nofMParguments=\count280
\everyMPshowfont=\toks24
\MPscratchCnt=\count281
\MPscratchDim=\dimen167
\MPnumerator=\count282
\makeMPintoPDFobject=\count283
\everyMPtoPDFconversion=\toks25
) (/usr/share/texlive/texmf-dist/tex/latex/epstopdf-pkg/epstopdf-base.sty
Package: epstopdf-base 2020-01-24 v2.11 Base part for package epstopdf
Package epstopdf-base Info: Redefining graphics rule for `.eps' on input line 485.
 (/usr/share/texlive/texmf-dist/tex/latex/latexconfig/epstopdf-sys.cfg
File: epstopdf-sys.cfg 2010/07/13 v1.3 Configuration of (r)epstopdf for TeX Live
))
LaTeX Font Info:    Trying to load font information for U+msa on input line 33.
 (/usr/share/texlive/texmf-dist/tex/latex/amsfonts/umsa.fd
File: umsa.fd 2013/01/14 v3.01 AMS symbols A
)
LaTeX Font Info:    Trying to load font information for U+msb on input line 33.
 (/usr/share/texlive/texmf-dist/tex/latex/amsfonts/umsb.fd
File: umsb.fd 2013/01/14 v3.01 AMS symbols B
)
/home/jerko/Documents/FER/deep_2_project/report/report.tex:33: Undefined control sequence.
\b@repaint ->\@safe@activesfalse \citename 
                                           {Lugmayr \bgroup et al.\egroup }2022
l.33 \maketitleabstract
                       
The control sequence at the end of the top line
of your error message was never \def'ed. If you have
misspelled it (e.g., `\hobx'), type `I' and the correct
spelling (e.g., `I\hbox'). Otherwise just continue,
and I'll forget about whatever was undefined.

/home/jerko/Documents/FER/deep_2_project/report/report.tex:46: Undefined control sequence.
\b@diffusion ->\@safe@activesfalse \citename 
                                             {Ho \bgroup et al.\egroup }2020
l.46 ...a s latentnim varijablama \cite{diffusion}
                                                  . Ideja difuzijskih modela...
The control sequence at the end of the top line
of your error message was never \def'ed. If you have
misspelled it (e.g., `\hobx'), type `I' and the correct
spelling (e.g., `I\hbox'). Otherwise just continue,
and I'll forget about whatever was undefined.

/home/jerko/Documents/FER/deep_2_project/report/report.tex:56: Undefined control sequence.
\b@unet ->\@safe@activesfalse \citename 
                                        {Ronneberger \bgroup et al.\egroup }...
l.56 ...druge probleme (npr. difuziju) \cite{unet}
                                                  .
The control sequence at the end of the top line
of your error message was never \def'ed. If you have
misspelled it (e.g., `\hobx'), type `I' and the correct
spelling (e.g., `I\hbox'). Otherwise just continue,
and I'll forget about whatever was undefined.

<images/unet.png, id=1, 691.58376pt x 466.74374pt>
File: images/unet.png Graphic file (type png)
<use images/unet.png>
Package pdftex.def Info: images/unet.png  used on input line 60.
(pdftex.def)             Requested size: 235.73097pt x 159.0896pt.
/home/jerko/Documents/FER/deep_2_project/report/report.tex:61: Undefined control sequence.
\b@unet ->\@safe@activesfalse \citename 
                                        {Ronneberger \bgroup et al.\egroup }...
l.61 	\caption{Arhitektura UNet\cite{unet}}
                                           
The control sequence at the end of the top line
of your error message was never \def'ed. If you have
misspelled it (e.g., `\hobx'), type `I' and the correct
spelling (e.g., `I\hbox'). Otherwise just continue,
and I'll forget about whatever was undefined.

/home/jerko/Documents/FER/deep_2_project/report/report.tex:69: Undefined control sequence.
\b@zhang2017shufflenetextremelyefficientconvolutional ...
                                                  {Zhang \bgroup et al.\egro...
l.69 ...shufflenetextremelyefficientconvolutional}
                                                  ) i MobileNet (\cite{howar...
The control sequence at the end of the top line
of your error message was never \def'ed. If you have
misspelled it (e.g., `\hobx'), type `I' and the correct
spelling (e.g., `I\hbox'). Otherwise just continue,
and I'll forget about whatever was undefined.

/home/jerko/Documents/FER/deep_2_project/report/report.tex:69: Undefined control sequence.
\b@howard2017mobilenetsefficientconvolutionalneural ...
                                                  {Howard \bgroup et al.\egr...
l.69 ...017mobilenetsefficientconvolutionalneural}
                                                  ).
The control sequence at the end of the top line
of your error message was never \def'ed. If you have
misspelled it (e.g., `\hobx'), type `I' and the correct
spelling (e.g., `I\hbox'). Otherwise just continue,
and I'll forget about whatever was undefined.

/home/jerko/Documents/FER/deep_2_project/report/report.tex:76: Undefined control sequence.
\b@repaint ->\@safe@activesfalse \citename 
                                           {Lugmayr \bgroup et al.\egroup }2022
l.76 ...lo kojeg difuzijskog modela \cite{repaint}
                                                  . Također takav pristup n...
The control sequence at the end of the top line
of your error message was never \def'ed. If you have
misspelled it (e.g., `\hobx'), type `I' and the correct
spelling (e.g., `I\hbox'). Otherwise just continue,
and I'll forget about whatever was undefined.

<images/repaint.png, id=3, 853.1875pt x 434.62375pt>
File: images/repaint.png Graphic file (type png)
<use images/repaint.png>
Package pdftex.def Info: images/repaint.png  used on input line 83.
(pdftex.def)             Requested size: 235.73097pt x 120.08228pt.
/home/jerko/Documents/FER/deep_2_project/report/report.tex:84: Undefined control sequence.
\b@repaint ->\@safe@activesfalse \citename 
                                           {Lugmayr \bgroup et al.\egroup }2022
l.84 ...i prikaz RePaint algoritma \cite{repaint}}
                                                  
The control sequence at the end of the top line
of your error message was never \def'ed. If you have
misspelled it (e.g., `\hobx'), type `I' and the correct
spelling (e.g., `I\hbox'). Otherwise just continue,
and I'll forget about whatever was undefined.

/home/jerko/Documents/FER/deep_2_project/report/report.tex:84: Undefined control sequence.
\b@repaint ->\@safe@activesfalse \citename 
                                           {Lugmayr \bgroup et al.\egroup }2022
l.84 ...i prikaz RePaint algoritma \cite{repaint}}
                                                  
The control sequence at the end of the top line
of your error message was never \def'ed. If you have
misspelled it (e.g., `\hobx'), type `I' and the correct
spelling (e.g., `I\hbox'). Otherwise just continue,
and I'll forget about whatever was undefined.

[1{/var/lib/texmf/fonts/map/pdftex/updmap/pdftex.map}{/usr/share/texlive/texmf-dist/fonts/enc/dvips/base/8r.enc}



 <./images/unet.png>]
<../repaint_output/inpainted_combined_6.png, id=15, 84.315pt x 28.105pt>
File: ../repaint_output/inpainted_combined_6.png Graphic file (type png)
<use ../repaint_output/inpainted_combined_6.png>
Package pdftex.def Info: ../repaint_output/inpainted_combined_6.png  used on input line 96.
(pdftex.def)             Requested size: 235.73097pt x 78.57892pt.
<../repaint_output/inpainted_combined_7.png, id=16, 84.315pt x 28.105pt>
File: ../repaint_output/inpainted_combined_7.png Graphic file (type png)
<use ../repaint_output/inpainted_combined_7.png>
Package pdftex.def Info: ../repaint_output/inpainted_combined_7.png  used on input line 97.
(pdftex.def)             Requested size: 235.73097pt x 78.57892pt.
<../repaint_output/inpainted_combined_8.png, id=17, 84.315pt x 28.105pt>
File: ../repaint_output/inpainted_combined_8.png Graphic file (type png)
<use ../repaint_output/inpainted_combined_8.png>
Package pdftex.def Info: ../repaint_output/inpainted_combined_8.png  used on input line 98.
(pdftex.def)             Requested size: 235.73097pt x 78.57892pt.
LaTeX Font Info:    Trying to load font information for TS1+ptm on input line 111.
 (/usr/share/texlive/texmf-dist/tex/latex/psnfss/ts1ptm.fd
File: ts1ptm.fd 2001/06/04 font definitions for TS1/ptm.
)
Underfull \hbox (badness 10000) in paragraph at lines 111--112
[]\OT1/ptm/b/n/10 Fleksibilnost ma-ski-ra-nja: \OT1/ptm/m/n/10 Re-Pa-int al-go-ri-tam,
 []


Underfull \hbox (badness 1132) in paragraph at lines 111--112
\OT1/ptm/m/n/10 odre[]denim obli-cima ma-ski, []sto ga []cini ge-ne-ralno
 []


Underfull \hbox (badness 2134) in paragraph at lines 112--113
[]\OT1/ptm/b/n/10 Kori[]stenje pos-toje[]cih mo-dela: \OT1/ptm/m/n/10 Re-verzni pro-ces
 []


Underfull \hbox (badness 1043) in paragraph at lines 112--113
\OT1/ptm/m/n/10 mo-dela bez po-trebe za do-dat-nim tre-ni-ra-njem, []sto
 []


Underfull \hbox (badness 2376) in paragraph at lines 118--119
\OT1/ptm/m/n/10 di-fu-zij-skih mo-dela u na-do-pu-nja-va-nju slika i otva-raju
 []

(./report.bbl [2 <./images/repaint.png> <../repaint_output/inpainted_combined_6.png (PNG copy)> <../repaint_output/inpainted_combined_7.png (PNG copy)> <../repaint_output/inpainted_combined_8.png (PNG copy)>]) [3

] (./report.aux) ) 
Here is how much of TeX's memory you used:
 3906 strings out of 476034
 62791 string characters out of 5792854
 1868388 words of memory out of 6000000
 24318 multiletter control sequences out of 15000+600000
 525046 words of font info for 55 fonts, out of 8000000 for 9000
 1137 hyphenation exceptions out of 8191
 57i,11n,62p,502b,457s stack positions out of 10000i,1000n,20000p,200000b,200000s
</usr/share/texlive/texmf-dist/fonts/type1/public/amsfonts/cm/cmmi10.pfb></usr/share/texlive/texmf-dist/fonts/type1/public/amsfonts/cm/cmmi7.pfb></usr/share/texlive/texmf-dist/fonts/type1/public/amsfonts/cm/cmr10.pfb></usr/share/texlive/texmf-dist/fonts/type1/public/amsfonts/cm/cmsy10.pfb></usr/share/texlive/texmf-dist/fonts/type1/urw/times/utmb8a.pfb></usr/share/texlive/texmf-dist/fonts/type1/urw/times/utmr8a.pfb></usr/share/texlive/texmf-dist/fonts/type1/urw/times/utmri8a.pfb>
Output written on report.pdf (3 pages, 353121 bytes).
PDF statistics:
 58 PDF objects out of 1000 (max. 8388607)
 31 compressed objects within 1 object stream
 0 named destinations out of 1000 (max. 500000)
 26 words of extra memory for PDF output out of 10000 (max. 10000000)

